<?xml version="1.0" encoding="UTF-8"?>
<testsuite name="API Testing.ReservationController" tests="21" failures="14" errors="0" time="186.896"><properties><property name="soapui.properties" value="soapui.properties"/><property name="java.runtime.name" value="Java(TM) SE Runtime Environment"/><property name="sun.boot.library.path" value="C:\Program Files\SmartBear\SoapUI-5.2.1\jre\bin"/><property name="java.vm.version" value="24.55-b03"/><property name="soapui.ext.actions" value="C:\Program Files\SmartBear\SoapUI-5.2.1\bin\actions"/><property name="soapui.ext.libraries" value="C:\Program Files\SmartBear\SoapUI-5.2.1\bin\ext"/><property name="java.vm.vendor" value="Oracle Corporation"/><property name="java.vendor.url" value="http://java.oracle.com/"/><property name="path.separator" value=";"/><property name="java.vm.name" value="Java HotSpot(TM) 64-Bit Server VM"/><property name="file.encoding.pkg" value="sun.io"/><property name="user.country" value="US"/><property name="user.script" value=""/><property name="sun.java.launcher" value="SUN_STANDARD"/><property name="sun.os.patch.level" value=""/><property name="java.vm.specification.name" value="Java Virtual Machine Specification"/><property name="user.dir" value="C:\Program Files\SmartBear\SoapUI-5.2.1\bin"/><property name="java.runtime.version" value="1.7.0_55-b13"/><property name="java.awt.graphicsenv" value="sun.awt.Win32GraphicsEnvironment"/><property name="java.endorsed.dirs" value="C:\Program Files\SmartBear\SoapUI-5.2.1\jre\lib\endorsed"/><property name="os.arch" value="amd64"/><property name="java.io.tmpdir" value="C:\Users\PASSIO~1\AppData\Local\Temp\"/><property name="line.separator" value="
"/><property name="java.vm.specification.vendor" value="Oracle Corporation"/><property name="user.variant" value=""/><property name="os.name" value="Windows 8.1"/><property name="sun.jnu.encoding" value="Cp1252"/><property name="java.library.path" value="C:\Program Files\SmartBear\SoapUI-5.2.1\jre\bin;C:\Windows\Sun\Java\bin;C:\Windows\system32;C:\Windows;C:\ProgramData\Oracle\Java\javapath;C:\Program Files (x86)\NVIDIA Corporation\PhysX\Common;C:\Program Files (x86)\AMD APP\bin\x86_64;C:\Program Files (x86)\AMD APP\bin\x86;C:\Windows\system32;C:\Windows;C:\Windows\System32\Wbem;C:\Windows\System32\WindowsPowerShell\v1.0\;C:\Program Files\Intel\WiFi\bin\;C:\Program Files\Common Files\Intel\WirelessCommon\;C:\Program Files (x86)\Skype\Phone\;C:\Program Files\Microsoft SQL Server\120\DTS\Binn\;C:\Program Files\Microsoft SQL Server\Client SDK\ODBC\110\Tools\Binn\;C:\Program Files (x86)\Microsoft SQL Server\120\Tools\Binn\;C:\Program Files\Microsoft SQL Server\120\Tools\Binn\;C:\Program Files (x86)\Microsoft SQL Server\120\Tools\Binn\ManagementStudio\;C:\Program Files (x86)\Microsoft SQL Server\120\DTS\Binn\;C:\Program Files\TortoiseSVN\bin;C:\Program Files\Microsoft\Web Platform Installer\;C:\Program Files (x86)\GtkSharp\2.12\bin;C:\Program Files\nodejs\;C:\Program Files\Intel\WiFi\bin\;C:\Program Files\Common Files\Intel\WirelessCommon\;C:\Users\PassionITe-Daisy\AppData\Roaming\npm;c:\program files\smartbear\soapui-5.2.1\jre\bin;."/><property name="soapui.home" value="C:\Program Files\SmartBear\SoapUI-5.2.1\bin\"/><property name="sun.awt.enableExtraMouseButtons" value="true"/><property name="java.specification.name" value="Java Platform API Specification"/><property name="java.class.version" value="51.0"/><property name="sun.management.compiler" value="HotSpot 64-Bit Tiered Compilers"/><property name="os.version" value="6.3"/><property name="user.home" value="C:\Users\PassionITe-Daisy"/><property name="user.timezone" value="Asia/Singapore"/><property name="java.awt.printerjob" value="sun.awt.windows.WPrinterJob"/><property name="file.encoding" value="Cp1252"/><property name="java.specification.version" value="1.7"/><property name="java.class.path" value="C:\Program Files\SmartBear\SoapUI-5.2.1\bin\soapui-5.3.0.jar;C:\Program Files\SmartBear\SoapUI-5.2.1\bin\..\lib\activation-1.1.jar;C:\Program Files\SmartBear\SoapUI-5.2.1\bin\..\lib\analytics-core-5.3.0.jar;C:\Program Files\SmartBear\SoapUI-5.2.1\bin\..\lib\animal-sniffer-annotations-1.11.jar;C:\Program Files\SmartBear\SoapUI-5.2.1\bin\..\lib\bcprov-jdk15-144.jar;C:\Program Files\SmartBear\SoapUI-5.2.1\bin\..\lib\binding-2.0.1.jar;C:\Program Files\SmartBear\SoapUI-5.2.1\bin\..\lib\cajo-1.142.jar;C:\Program Files\SmartBear\SoapUI-5.2.1\bin\..\lib\commons-beanutils-1.7.0.jar;C:\Program Files\SmartBear\SoapUI-5.2.1\bin\..\lib\commons-cli-1.2.jar;C:\Program Files\SmartBear\SoapUI-5.2.1\bin\..\lib\commons-codec-1.3.jar;C:\Program Files\SmartBear\SoapUI-5.2.1\bin\..\lib\commons-collections-3.2.1.jar;C:\Program Files\SmartBear\SoapUI-5.2.1\bin\..\lib\commons-httpclient-3.1.jar;C:\Program Files\SmartBear\SoapUI-5.2.1\bin\..\lib\commons-io-2.4.jar;C:\Program Files\SmartBear\SoapUI-5.2.1\bin\..\lib\commons-lang-2.4.jar;C:\Program Files\SmartBear\SoapUI-5.2.1\bin\..\lib\commons-logging-1.1.1.jar;C:\Program Files\SmartBear\SoapUI-5.2.1\bin\..\lib\cssparser-0.9.5.jar;C:\Program Files\SmartBear\SoapUI-5.2.1\bin\..\lib\dom4j-1.6.1.jar;C:\Program Files\SmartBear\SoapUI-5.2.1\bin\..\lib\ezmorph-1.0.5.jar;C:\Program Files\SmartBear\SoapUI-5.2.1\bin\..\lib\flex-messaging-common-1.0.jar;C:\Program Files\SmartBear\SoapUI-5.2.1\bin\..\lib\flex-messaging-core-1.0.jar;C:\Program Files\SmartBear\SoapUI-5.2.1\bin\..\lib\flex-messaging-opt-1.0.jar;C:\Program Files\SmartBear\SoapUI-5.2.1\bin\..\lib\flex-messaging-proxy-1.0.jar;C:\Program Files\SmartBear\SoapUI-5.2.1\bin\..\lib\flex-messaging-remoting-1.0.jar;C:\Program Files\SmartBear\SoapUI-5.2.1\bin\..\lib\forms-1.0.7.jar;C:\Program Files\SmartBear\SoapUI-5.2.1\bin\..\lib\google-http-client-1.21.0.jar;C:\Program Files\SmartBear\SoapUI-5.2.1\bin\..\lib\google-oauth-client-1.21.0.jar;C:\Program Files\SmartBear\SoapUI-5.2.1\bin\..\lib\groovy-all-2.1.7.jar;C:\Program Files\SmartBear\SoapUI-5.2.1\bin\..\lib\guava-14.0.jar;C:\Program Files\SmartBear\SoapUI-5.2.1\bin\..\lib\hamcrest-core-1.3.jar;C:\Program Files\SmartBear\SoapUI-5.2.1\bin\..\lib\hermes-1.14.jar;C:\Program Files\SmartBear\SoapUI-5.2.1\bin\..\lib\htmlunit-2.7.jar;C:\Program Files\SmartBear\SoapUI-5.2.1\bin\..\lib\htmlunit-core-js-2.7.jar;C:\Program Files\SmartBear\SoapUI-5.2.1\bin\..\lib\httpclient-4.1.1.jar;C:\Program Files\SmartBear\SoapUI-5.2.1\bin\..\lib\httpclient-cache-4.1.1.jar;C:\Program Files\SmartBear\SoapUI-5.2.1\bin\..\lib\httpcore-4.1.1.jar;C:\Program Files\SmartBear\SoapUI-5.2.1\bin\..\lib\httpcore-nio-4.1.1.jar;C:\Program Files\SmartBear\SoapUI-5.2.1\bin\..\lib\httpmime-4.1.1.jar;C:\Program Files\SmartBear\SoapUI-5.2.1\bin\..\lib\i4jruntime-5.1.14.jar;C:\Program Files\SmartBear\SoapUI-5.2.1\bin\..\lib\javassist-3.16.1-GA.jar;C:\Program Files\SmartBear\SoapUI-5.2.1\bin\..\lib\jaxen-1.1-beta-8.jar;C:\Program Files\SmartBear\SoapUI-5.2.1\bin\..\lib\jcifs-1.2.9.jar;C:\Program Files\SmartBear\SoapUI-5.2.1\bin\..\lib\jdom-1.0.jar;C:\Program Files\SmartBear\SoapUI-5.2.1\bin\..\lib\jettison-1.2.jar;C:\Program Files\SmartBear\SoapUI-5.2.1\bin\..\lib\jetty-6.1.26.jar;C:\Program Files\SmartBear\SoapUI-5.2.1\bin\..\lib\jetty-util-6.1.26.jar;C:\Program Files\SmartBear\SoapUI-5.2.1\bin\..\lib\jms-1.1.jar;C:\Program Files\SmartBear\SoapUI-5.2.1\bin\..\lib\joda-time-1.6.2.jar;C:\Program Files\SmartBear\SoapUI-5.2.1\bin\..\lib\js-1.7R2.jar;C:\Program Files\SmartBear\SoapUI-5.2.1\bin\..\lib\json-lib-2.2.2-jdk15.jar;C:\Program Files\SmartBear\SoapUI-5.2.1\bin\..\lib\json-path-0.9.1.jar;C:\Program Files\SmartBear\SoapUI-5.2.1\bin\..\lib\json-smart-1.2.jar;C:\Program Files\SmartBear\SoapUI-5.2.1\bin\..\lib\jsr173_api-1.0.jar;C:\Program Files\SmartBear\SoapUI-5.2.1\bin\..\lib\jsr305-1.3.9.jar;C:\Program Files\SmartBear\SoapUI-5.2.1\bin\..\lib\jtidy-r872-jdk15.jar;C:\Program Files\SmartBear\SoapUI-5.2.1\bin\..\lib\junit-4.11.jar;C:\Program Files\SmartBear\SoapUI-5.2.1\bin\..\lib\l2fprod-common-directorychooser-7.3.jar;C:\Program Files\SmartBear\SoapUI-5.2.1\bin\..\lib\l2fprod-common-fontchooser-7.3.jar;C:\Program Files\SmartBear\SoapUI-5.2.1\bin\..\lib\log4j-1.2.14.jar;C:\Program Files\SmartBear\SoapUI-5.2.1\bin\..\lib\looks-2.2.0.jar;C:\Program Files\SmartBear\SoapUI-5.2.1\bin\..\lib\mail-1.4.jar;C:\Program Files\SmartBear\SoapUI-5.2.1\bin\..\lib\maven-plugin-api-2.0.jar;C:\Program Files\SmartBear\SoapUI-5.2.1\bin\..\lib\nekohtml-1.9.14.jar;C:\Program Files\SmartBear\SoapUI-5.2.1\bin\..\lib\not-yet-commons-ssl-0.3.11.jar;C:\Program Files\SmartBear\SoapUI-5.2.1\bin\..\lib\opensaml-2.5.1-1.jar;C:\Program Files\SmartBear\SoapUI-5.2.1\bin\..\lib\openws-1.4.2-1.jar;C:\Program Files\SmartBear\SoapUI-5.2.1\bin\..\lib\org.apache.oltu.oauth2.client-0.31.jar;C:\Program Files\SmartBear\SoapUI-5.2.1\bin\..\lib\org.apache.oltu.oauth2.common-0.31.jar;C:\Program Files\SmartBear\SoapUI-5.2.1\bin\..\lib\org.apache.oltu.oauth2.httpclient4-0.31.jar;C:\Program Files\SmartBear\SoapUI-5.2.1\bin\..\lib\out-app-analytics-provider-5.3.0.jar;C:\Program Files\SmartBear\SoapUI-5.2.1\bin\..\lib\proxy-vole-20131209.jar;C:\Program Files\SmartBear\SoapUI-5.2.1\bin\..\lib\reflections-0.9.9-RC1.jar;C:\Program Files\SmartBear\SoapUI-5.2.1\bin\..\lib\rsyntaxtextarea-2.5.0.jar;C:\Program Files\SmartBear\SoapUI-5.2.1\bin\..\lib\sac-1.3.jar;C:\Program Files\SmartBear\SoapUI-5.2.1\bin\..\lib\saxon-9.1.0.8j.jar;C:\Program Files\SmartBear\SoapUI-5.2.1\bin\..\lib\saxon-dom-9.1.0.8j.jar;C:\Program Files\SmartBear\SoapUI-5.2.1\bin\..\lib\serializer-2.7.1.jar;C:\Program Files\SmartBear\SoapUI-5.2.1\bin\..\lib\servlet-api-2.5-20081211.jar;C:\Program Files\SmartBear\SoapUI-5.2.1\bin\..\lib\slf4j-api-1.6.1.jar;C:\Program Files\SmartBear\SoapUI-5.2.1\bin\..\lib\swingx-soapui.jar;C:\Program Files\SmartBear\SoapUI-5.2.1\bin\..\lib\ws-commons-util-1.0.2.jar;C:\Program Files\SmartBear\SoapUI-5.2.1\bin\..\lib\wsdl4j-1.6.2-fixed.jar;C:\Program Files\SmartBear\SoapUI-5.2.1\bin\..\lib\wss4j-1.6.16.jar;C:\Program Files\SmartBear\SoapUI-5.2.1\bin\..\lib\xalan-2.7.1.jar;C:\Program Files\SmartBear\SoapUI-5.2.1\bin\..\lib\xbean-fixed-2.4.0.jar;C:\Program Files\SmartBear\SoapUI-5.2.1\bin\..\lib\xbean_xpath-2.4.0.jar;C:\Program Files\SmartBear\SoapUI-5.2.1\bin\..\lib\xercesImpl-2.9.1.jar;C:\Program Files\SmartBear\SoapUI-5.2.1\bin\..\lib\xml-apis-1.3.04.jar;C:\Program Files\SmartBear\SoapUI-5.2.1\bin\..\lib\xml-apis-2.9.1.jar;C:\Program Files\SmartBear\SoapUI-5.2.1\bin\..\lib\xmlParserAPIs-2.6.2.jar;C:\Program Files\SmartBear\SoapUI-5.2.1\bin\..\lib\xmlpublic-2.4.0.jar;C:\Program Files\SmartBear\SoapUI-5.2.1\bin\..\lib\xmlsec-1.4.5.jar;C:\Program Files\SmartBear\SoapUI-5.2.1\bin\..\lib\xmltooling-1.3.2-1.jar;C:\Program Files\SmartBear\SoapUI-5.2.1\bin\..\lib\xmlunit-1.2.jar;C:\Program Files\SmartBear\SoapUI-5.2.1\bin\..\lib\xom-1.1.jar;C:\Program Files\SmartBear\SoapUI-5.2.1\bin\..\lib\xstream-1.3.1.jar;C:\Program Files\SmartBear\SoapUI-5.2.1\jre\lib\jfxrt.jar"/><property name="user.name" value="PassionITe-Daisy"/><property name="soapui.ext.listeners" value="C:\Program Files\SmartBear\SoapUI-5.2.1\bin\listeners"/><property name="java.vm.specification.version" value="1.7"/><property name="sun.java.command" value="com.eviware.soapui.tools.SoapUITestCaseRunner -j -fC:\Users\PassionITe-Daisy\TeeOff_SoapUI_Proj\reports C:\Users\PassionITe-Daisy\SoapUI Free Version\API Testing-soapui-project.xml"/><property name="java.home" value="C:\Program Files\SmartBear\SoapUI-5.2.1\jre"/><property name="sun.arch.data.model" value="64"/><property name="user.language" value="en"/><property name="java.specification.vendor" value="Oracle Corporation"/><property name="awt.toolkit" value="sun.awt.windows.WToolkit"/><property name="java.vm.info" value="mixed mode"/><property name="java.version" value="1.7.0_55"/><property name="java.ext.dirs" value="C:\Program Files\SmartBear\SoapUI-5.2.1\jre\lib\ext;C:\Windows\Sun\Java\lib\ext"/><property name="sun.boot.class.path" value="C:\Program Files\SmartBear\SoapUI-5.2.1\jre\lib\resources.jar;C:\Program Files\SmartBear\SoapUI-5.2.1\jre\lib\rt.jar;C:\Program Files\SmartBear\SoapUI-5.2.1\jre\lib\sunrsasign.jar;C:\Program Files\SmartBear\SoapUI-5.2.1\jre\lib\jsse.jar;C:\Program Files\SmartBear\SoapUI-5.2.1\jre\lib\jce.jar;C:\Program Files\SmartBear\SoapUI-5.2.1\jre\lib\charsets.jar;C:\Program Files\SmartBear\SoapUI-5.2.1\jre\lib\jfr.jar;C:\Program Files\SmartBear\SoapUI-5.2.1\jre\classes"/><property name="java.vendor" value="Oracle Corporation"/><property name="file.separator" value="\"/><property name="java.vendor.url.bug" value="http://bugreport.sun.com/bugreport/"/><property name="sun.io.unicode.encoding" value="UnicodeLittle"/><property name="sun.cpu.endian" value="little"/><property name="sun.desktop" value="windows"/><property name="sun.cpu.isalist" value="amd64"/></properties><testcase name="/TeeOff/v1/Reservation/ProcessTeeTimeCheckout" time="6.518"/><testcase name="/TeeOff/v1/Reservation/ProcessTeeTimeCheckout - Invalid Scenarios" time="2.561"><failure type="Cancelling due to failed test step" message="Cancelling due to failed test step"><![CDATA[<h3><b>Test Request: Signin Failed</b></h3><pre>[ContactID] XPathContains assertion failed for path [declare namespace ns1='https://dev-api.opentee.com/TeeOff/v1/User/AuthenticateUser';
//ns1:Response[1]/ns1:Data[1]/ns1:ContactId[1]] : Exception:Missing content for xpath [declare namespace ns1='https://dev-api.opentee.com/TeeOff/v1/User/AuthenticateUser';
//ns1:Response[1]/ns1:Data[1]/ns1:ContactId[1]] in Response
</pre><hr/>]]></failure></testcase><testcase name="/TeeOff/v1/Reservation/ApplyPromoCode" time="15.938"/><testcase name="/TeeOff/v1/Reservation/ModifyReservation" time="8.64"/><testcase name="/TeeOff/v1/Reservation/BookReservation - As Registered User" time="9.496"><failure type="Cancelling due to failed test step" message="Cancelling due to failed test step"><![CDATA[<h3><b>Test Request: Book Reservation - Successful Failed</b></h3><pre>[Success] XPathContains assertion failed for path [declare namespace ns1='https://dev-api.opentee.com/TeeOff/v1/Reservation/BookReservation';
//ns1:Response[1]/ns1:Success[1]] : Exception:Missing content for xpath [declare namespace ns1='https://dev-api.opentee.com/TeeOff/v1/Reservation/BookReservation';
//ns1:Response[1]/ns1:Success[1]] in Response
[Tee time is reserved & paid.] XPathContains assertion failed for path [declare namespace ns1='https://dev-api.opentee.com/TeeOff/v1/Reservation/BookReservation';
//ns1:Response[1]/ns1:Data[1]/ns1:e[1]/ns1:StatusDescription[1]] : Exception:Missing content for xpath [declare namespace ns1='https://dev-api.opentee.com/TeeOff/v1/Reservation/BookReservation';
//ns1:Response[1]/ns1:Data[1]/ns1:e[1]/ns1:StatusDescription[1]] in Response
[ContactId is the same as the OriginatingContactId] XPathContains assertion failed for path [declare namespace ns1='https://dev-api.opentee.com/TeeOff/v1/Reservation/BookReservation';
//ns1:Response[1]/ns1:Data[1]/ns1:e[1]/ns1:ContactId[1]] : Exception:Missing content for xpath [declare namespace ns1='https://dev-api.opentee.com/TeeOff/v1/Reservation/BookReservation';
//ns1:Response[1]/ns1:Data[1]/ns1:e[1]/ns1:ContactId[1]] in Response
[Booked tee time amount paid is correct.] XPathContains assertion failed for path [declare namespace ns1='https://dev-api.opentee.com/TeeOff/v1/Reservation/BookReservation';
//ns1:Response[1]/ns1:Data[1]/ns1:e[1]/ns1:AmountPaid[1]] : Exception:Missing content for xpath [declare namespace ns1='https://dev-api.opentee.com/TeeOff/v1/Reservation/BookReservation';
//ns1:Response[1]/ns1:Data[1]/ns1:e[1]/ns1:AmountPaid[1]] in Response
[Booked tee time Due at course is correct] XPathContains assertion failed for path [declare namespace ns1='https://dev-api.opentee.com/TeeOff/v1/Reservation/BookReservation';
//ns1:Response[1]/ns1:Data[1]/ns1:e[1]/ns1:AmountDueAtCourse[1]] : Exception:Missing content for xpath [declare namespace ns1='https://dev-api.opentee.com/TeeOff/v1/Reservation/BookReservation';
//ns1:Response[1]/ns1:Data[1]/ns1:e[1]/ns1:AmountDueAtCourse[1]] in Response
[Booked tee time is on the correct course] XPathContains assertion failed for path [declare namespace ns1='https://dev-api.opentee.com/TeeOff/v1/Reservation/BookReservation';
//ns1:Response[1]/ns1:Data[1]/ns1:e[1]/ns1:CourseId[1]] : Exception:Missing content for xpath [declare namespace ns1='https://dev-api.opentee.com/TeeOff/v1/Reservation/BookReservation';
//ns1:Response[1]/ns1:Data[1]/ns1:e[1]/ns1:CourseId[1]] in Response
</pre><hr/>]]></failure></testcase><testcase name="/TeeOff/v1/Reservation/BookReservation - As Guest User (Registered)" time="11.08"/><testcase name="/TeeOff/v1/Reservation/BookReservation - As Guest User (Unregistered)" time="13.926"><failure type="Cancelling due to failed test step" message="Cancelling due to failed test step"><![CDATA[<h3><b>Test Request: Book Reservation Failed</b></h3><pre>[Success] XPathContains assertion failed for path [declare namespace ns1='https://dev-api.opentee.com/TeeOff/v1/Reservation/BookReservation';
//ns1:Response[1]/ns1:Success[1]] : Exception:Missing content for xpath [declare namespace ns1='https://dev-api.opentee.com/TeeOff/v1/Reservation/BookReservation';
//ns1:Response[1]/ns1:Success[1]] in Response
[Message] XPathContains comparison failed for path [declare namespace ns1='https://dev-api.opentee.com/TeeOff/v1/Reservation/BookReservation';
//ns1:Fault[1]/ns1:Message[1]], expecting [], actual was [Credit Card Error: Your payment failed. Please reenter payment information. Need help? Call us: 1-855-383-3633. (R02)]
</pre><hr/>]]></failure></testcase><testcase name="/TeeOff/v1/Reservation/BookReservation - 1:Directory Time(Regular)" time="11.35"/><testcase name="/TeeOff/v1/Reservation/BookReservation - 2: EZLinks Barter Time" time="5.286"><failure type="Cancelling due to failed test step" message="Cancelling due to failed test step"><![CDATA[<h3><b>Test Request: Get tee times by Course Failed</b></h3><pre>[Contains CourseId] Missing token [CourseId] in Response
</pre><hr/>]]></failure></testcase><testcase name="/TeeOff/v1/Reservation/BookReservation - 9: DSS Course Time (Regular)" time="5.241"><failure type="Cancelling due to failed test step" message="Cancelling due to failed test step"><![CDATA[<h3><b>Test Request: Get tee times by Course Failed</b></h3><pre>[Contains CourseId] Missing token [CourseId] in Response
</pre><hr/>]]></failure></testcase><testcase name="/TeeOff/v1/Reservation/BookReservation - 11: DSS Course Time (NetRate)" time="5.45"><failure type="Cancelling due to failed test step" message="Cancelling due to failed test step"><![CDATA[<h3><b>Test Request: Get tee times by Course Failed</b></h3><pre>[Contains CourseId] Missing token [CourseId] in Response
</pre><hr/>]]></failure></testcase><testcase name="/TeeOff/v1/Reservation/BookReservation - 12: DSS Barter (Trade)" time="5.275"><failure type="Cancelling due to failed test step" message="Cancelling due to failed test step"><![CDATA[<h3><b>Test Request: Get tee times by Course Failed</b></h3><pre>[Contains CourseId] Missing token [CourseId] in Response
</pre><hr/>]]></failure></testcase><testcase name="/TeeOff/v1/Reservation/BookReservation - 13: DSS Barter (FlexTrade)" time="5.182"><failure type="Cancelling due to failed test step" message="Cancelling due to failed test step"><![CDATA[<h3><b>Test Request: Get tee times by Course Failed</b></h3><pre>[Contains CourseId] Missing token [CourseId] in Response
</pre><hr/>]]></failure></testcase><testcase name="/TeeOff/v1/Reservation/BookReservation - 14: DSS Barter (ShareRatio)" time="5.319"><failure type="Cancelling due to failed test step" message="Cancelling due to failed test step"><![CDATA[<h3><b>Test Request: Get tee times by Course Failed</b></h3><pre>[Contains CourseId] Missing token [CourseId] in Response
</pre><hr/>]]></failure></testcase><testcase name="/TeeOff/v1/Reservation/BookReservation - test" time="13.512"><failure type="Failing due to failed test step" message="Failing due to failed test step"><![CDATA[<h3><b>Test Request: ProcessTeeTimeCheckout Failed</b></h3><pre>[TeeTime successfully added to cart] XPathContains comparison failed for path [declare namespace ns1='https://dev-api.opentee.com/TeeOff/v1/Reservation/ProcessTeeTimeCheckout';
//ns1:Response[1]/ns1:Data[1]/ns1:e[1]/ns1:AddResultMessage[1]], expecting [The tee time was successfully added to the cart.], actual was [Tee time type has been changed.]
</pre><hr/><h3><b>Test Request: Book Reservation - Successful Failed</b></h3><pre>[Success] XPathContains assertion failed for path [declare namespace ns1='https://dev-api.opentee.com/TeeOff/v1/Reservation/BookReservation';
//ns1:Response[1]/ns1:Success[1]] : Exception:Missing content for xpath [declare namespace ns1='https://dev-api.opentee.com/TeeOff/v1/Reservation/BookReservation';
//ns1:Response[1]/ns1:Success[1]] in Response
[Tee time is reserved & paid.] XPathContains assertion failed for path [declare namespace ns1='https://dev-api.opentee.com/TeeOff/v1/Reservation/BookReservation';
//ns1:Response[1]/ns1:Data[1]/ns1:e[1]/ns1:StatusDescription[1]] : Exception:Missing content for xpath [declare namespace ns1='https://dev-api.opentee.com/TeeOff/v1/Reservation/BookReservation';
//ns1:Response[1]/ns1:Data[1]/ns1:e[1]/ns1:StatusDescription[1]] in Response
[ContactId is the same as the OriginatingContactId] XPathContains assertion failed for path [declare namespace ns1='https://dev-api.opentee.com/TeeOff/v1/Reservation/BookReservation';
//ns1:Response[1]/ns1:Data[1]/ns1:e[1]/ns1:ContactId[1]] : Exception:Missing content for xpath [declare namespace ns1='https://dev-api.opentee.com/TeeOff/v1/Reservation/BookReservation';
//ns1:Response[1]/ns1:Data[1]/ns1:e[1]/ns1:ContactId[1]] in Response
[Amount paid is correct] XPathContains assertion failed for path [declare namespace ns1='https://dev-api.opentee.com/TeeOff/v1/Reservation/BookReservation';
//ns1:Response[1]/ns1:Data[1]/ns1:e[1]/ns1:AmountPaid[1]] : Exception:Missing content for xpath [declare namespace ns1='https://dev-api.opentee.com/TeeOff/v1/Reservation/BookReservation';
//ns1:Response[1]/ns1:Data[1]/ns1:e[1]/ns1:AmountPaid[1]] in Response
[Due at course is correct.] XPathContains assertion failed for path [declare namespace ns1='https://dev-api.opentee.com/TeeOff/v1/Reservation/BookReservation';
//ns1:Response[1]/ns1:Data[1]/ns1:e[1]/ns1:AmountDueAtCourse[1]] : Exception:Missing content for xpath [declare namespace ns1='https://dev-api.opentee.com/TeeOff/v1/Reservation/BookReservation';
//ns1:Response[1]/ns1:Data[1]/ns1:e[1]/ns1:AmountDueAtCourse[1]] in Response
[Tee time is on the correct course.] XPathContains assertion failed for path [declare namespace ns1='https://dev-api.opentee.com/TeeOff/v1/Reservation/BookReservation';
//ns1:Response[1]/ns1:Data[1]/ns1:e[1]/ns1:CourseId[1]] : Exception:Missing content for xpath [declare namespace ns1='https://dev-api.opentee.com/TeeOff/v1/Reservation/BookReservation';
//ns1:Response[1]/ns1:Data[1]/ns1:e[1]/ns1:CourseId[1]] in Response
[TeetimeTypId is 14] XPathContains assertion failed for path [declare namespace ns1='https://dev-api.opentee.com/TeeOff/v1/Reservation/BookReservation';
//ns1:Response[1]/ns1:Data[1]/ns1:e[1]/ns1:TeeTimeTypeId[1]] : Exception:Missing content for xpath [declare namespace ns1='https://dev-api.opentee.com/TeeOff/v1/Reservation/BookReservation';
//ns1:Response[1]/ns1:Data[1]/ns1:e[1]/ns1:TeeTimeTypeId[1]] in Response
</pre><hr/><h3><b>REST Request - Cancel Booked Reservation Failed</b></h3><pre>[Success ] XPathContains assertion failed for path [declare namespace ns1='https://dev-api.opentee.com/TeeOff/v1/Reservation/CancelReservation';
//ns1:Response[1]/ns1:Success[1]] : Exception:Missing content for xpath [declare namespace ns1='https://dev-api.opentee.com/TeeOff/v1/Reservation/CancelReservation';
//ns1:Response[1]/ns1:Success[1]] in Response
[TeeTimeTypeId is 14] XPathContains assertion failed for path [declare namespace ns1='https://dev-api.opentee.com/TeeOff/v1/Reservation/CancelReservation';
//ns1:Response[1]/ns1:Data[1]/ns1:TeeTimeTypeId[1]] : Exception:Missing content for xpath [declare namespace ns1='https://dev-api.opentee.com/TeeOff/v1/Reservation/CancelReservation';
//ns1:Response[1]/ns1:Data[1]/ns1:TeeTimeTypeId[1]] in Response
</pre><hr/>]]></failure></testcase><testcase name="/TeeOff/v1/Reservation/CancelReservation" time="14.809"/><testcase name="/TeeOff/v1/Reservation/CancelReservation - Past Cancellation Window" time="13.663"><failure type="Cancelling due to failed test step" message="Cancelling due to failed test step"><![CDATA[<h3><b>Test Request: Cancel Reservation Failed</b></h3><pre>[Cancellation failed - past cancellation window.] XPathContains comparison failed for path [declare namespace ns1='https://dev-api.opentee.com/TeeOff/v1/Reservation/CancelReservation';
//ns1:Response[1]/ns1:Success[1]], expecting [false], actual was [true]
</pre><hr/>]]></failure></testcase><testcase name="/TeeOff/v1/Reservation/CancelReservation - Within Cancellation Window" time="13.057"/><testcase name="/TeeOff/v1/Reservation/CancelReservation - registered guest account &amp; same registered signed in account" time="2.685"><failure type="Cancelling due to failed test step" message="Cancelling due to failed test step"><![CDATA[<h3><b>Property Transfer: Transfer ContactId Failed</b></h3><pre>Performed transfer [OriginatingContactId]
Error performing transfer [TransferContactIDToBookReservation] - Missing source property
</pre><hr/>]]></failure></testcase><testcase name="/TeeOff/v1/Reservation/CancelReservation - Non-registered guest account" time="13.74"><failure type="Cancelling due to failed test step" message="Cancelling due to failed test step"><![CDATA[<h3><b>Test Request: Book Reservation Failed</b></h3><pre>[Success] XPathContains assertion failed for path [declare namespace ns1='https://dev-api.opentee.com/TeeOff/v1/Reservation/BookReservation';
//ns1:Response[1]/ns1:Success[1]] : Exception:Missing content for xpath [declare namespace ns1='https://dev-api.opentee.com/TeeOff/v1/Reservation/BookReservation';
//ns1:Response[1]/ns1:Success[1]] in Response
[Message] XPathContains comparison failed for path [declare namespace ns1='https://dev-api.opentee.com/TeeOff/v1/Reservation/BookReservation';
//ns1:Fault[1]/ns1:Message[1]], expecting [], actual was [Credit Card Error: Your payment failed. Please reenter payment information. Need help? Call us: 1-855-383-3633. (R02)]
</pre><hr/>]]></failure></testcase><testcase name="/TeeOff/v1/Reservation/CancelReservation - registered guest account but different registered signed in account" time="4.168"><failure type="Cancelling due to failed test step" message="Cancelling due to failed test step"><![CDATA[<h3><b>Property Transfer: Transfer ContactId Failed</b></h3><pre>Performed transfer [OriginatingContactId]
Error performing transfer [TransferContactIDToBookReservation] - Missing source property
</pre><hr/>]]></failure></testcase></testsuite>